17:13:43.462055 IP 192.168.5.130.netbios-dgm > 192.168.5.255.netbios-dgm: NBT UDP PACKET(138)
17:13:45.267051 ARP, Request who-has 192.168.5.131 (Broadcast) tell 192.168.5.129, length 46
17:13:45.267496 ARP, Reply 192.168.5.131 is-at 00:0c:29:f3:e6:e1 (oui Unknown), length 46
17:13:45.469885 IP 192.168.5.129.49682 > 192.168.5.2.domain: 25109+ PTR? 131.5.168.192.in-addr.arpa. (44)
17:13:45.472732 IP 192.168.5.2.domain > 192.168.5.129.49682: 25109 NXDomain 0/0/0 (44)
17:13:45.474272 IP 192.168.5.129.39883 > 192.168.5.131.telnet: Flags [S], seq 3600727564, win 1024, options [mss 1460], length 0
17:13:45.474311 IP 192.168.5.129.39883 > 192.168.5.131.http-alt: Flags [S], seq 3600727564, win 1024, options [mss 1460], length 0
17:13:45.474536 IP 192.168.5.129.39883 > 192.168.5.131.imap2: Flags [S], seq 3600727564, win 1024, options [mss 1460], length 0
17:13:45.474560 IP 192.168.5.129.39883 > 192.168.5.131.ssh: Flags [S], seq 3600727564, win 1024, options [mss 1460], length 0
17:13:45.474701 IP 192.168.5.129.39883 > 192.168.5.131.pop3s: Flags [S], seq 3600727564, win 1024, options [mss 1460], length 0
17:13:45.474718 IP 192.168.5.129.39883 > 192.168.5.131.netbios-ssn: Flags [S], seq 3600727564, win 1024, options [mss 1460], length 0
17:13:45.474955 IP 192.168.5.129.39883 > 192.168.5.131.1723: Flags [S], seq 3600727564, win 1024, options [mss 1460], length 0
17:13:45.475038 IP 192.168.5.129.39883 > 192.168.5.131.domain: Flags [S], seq 3600727564, win 1024, options [mss 1460], length 0
17:13:45.475118 IP 192.168.5.129.39883 > 192.168.5.131.imaps: Flags [S], seq 3600727564, win 1024, options [mss 1460], length 0
17:13:45.475189 IP 192.168.5.129.39883 > 192.168.5.131.3389: Flags [S], seq 3600727564, win 1024, options [mss 1460], length 0
17:13:45.475459 IP 192.168.5.131.telnet > 192.168.5.129.39883: Flags [S.], seq 654168453, ack 3600727565, win 5840, options [mss 1460], length 0
17:13:45.475641 IP 192.168.5.131.1723 > 192.168.5.129.39883: Flags [R.], seq 0, ack 3600727565, win 0, length 0
17:13:45.475802 IP 192.168.5.131.domain > 192.168.5.129.39883: Flags [S.], seq 657915146, ack 3600727565, win 5840, options [mss 1460], length 0
17:13:45.476042 IP 192.168.5.131.imaps > 192.168.5.129.39883: Flags [R.], seq 0, ack 3600727565, win 0, length 0
17:13:45.476063 IP 192.168.5.131.3389 > 192.168.5.129.39883: Flags [R.], seq 0, ack 3600727565, win 0, length 0
17:13:45.476073 IP 192.168.5.131.http-alt > 192.168.5.129.39883: Flags [R.], seq 0, ack 3600727565, win 0, length 0
17:13:45.476229 IP 192.168.5.131.imap2 > 192.168.5.129.39883: Flags [R.], seq 0, ack 3600727565, win 0, length 0
17:13:45.476258 IP 192.168.5.131.ssh > 192.168.5.129.39883: Flags [S.], seq 653010911, ack 3600727565, win 5840, options [mss 1460], length 0
17:13:45.476786 IP 192.168.5.131.pop3s > 192.168.5.129.39883: Flags [R.], seq 0, ack 3600727565, win 0, length 0
17:13:45.477025 IP 192.168.5.129.39883 > 192.168.5.131.telnet: Flags [R], seq 3600727565, win 0, length 0
17:13:45.477206 IP 192.168.5.131.netbios-ssn > 192.168.5.129.39883: Flags [S.], seq 657121428, ack 3600727565, win 5840, options [mss 1460], length 0
17:13:45.477624 IP 192.168.5.129.39883 > 192.168.5.131.netbios-ssn: Flags [R], seq 3600727565, win 0, length 0
17:13:45.477750 IP 192.168.5.129.39883 > 192.168.5.131.domain: Flags [R], seq 3600727565, win 0, length 0
17:13:45.480459 IP 192.168.5.129.39883 > 192.168.5.131.ssh: Flags [R], seq 3600727565, win 0, length 0
17:13:46.578121 IP 192.168.5.129.39884 > 192.168.5.131.ssh: Flags [S], seq 3600793101, win 1024, options [mss 1460], length 0
17:13:46.578332 IP 192.168.5.129.39884 > 192.168.5.131.imap2: Flags [S], seq 3600793101, win 1024, options [mss 1460], length 0
17:13:46.578575 IP 192.168.5.129.39884 > 192.168.5.131.http-alt: Flags [S], seq 3600793101, win 1024, options [mss 1460], length 0
17:13:46.578766 IP 192.168.5.129.39883 > 192.168.5.131.smux: Flags [S], seq 3600727564, win 1024, options [mss 1460], length 0
17:13:46.578938 IP 192.168.5.129.39883 > 192.168.5.131.8888: Flags [S], seq 3600727564, win 1024, options [mss 1460], length 0
17:13:46.579100 IP 192.168.5.129.39883 > 192.168.5.131.ftp: Flags [S], seq 3600727564, win 1024, options [mss 1460], length 0
17:13:46.579264 IP 192.168.5.129.39883 > 192.168.5.131.1720: Flags [S], seq 3600727564, win 1024, options [mss 1460], length 0
17:13:46.579352 IP 192.168.5.129.39883 > 192.168.5.131.loc-srv: Flags [S], seq 3600727564, win 1024, options [mss 1460], length 0
17:13:46.579506 IP 192.168.5.129.39883 > 192.168.5.131.pop3: Flags [S], seq 3600727564, win 1024, options [mss 1460], length 0
17:13:46.579637 IP 192.168.5.129.39883 > 192.168.5.131.mysql: Flags [S], seq 3600727564, win 1024, options [mss 1460], length 0
17:13:46.579726 IP 192.168.5.129.39883 > 192.168.5.131.smtp: Flags [S], seq 3600727564, win 1024, options [mss 1460], length 0
17:13:46.579796 IP 192.168.5.129.39883 > 192.168.5.131.microsoft-ds: Flags [S], seq 3600727564, win 1024, options [mss 1460], length 0
17:13:46.579821 IP 192.168.5.129.39883 > 192.168.5.131.https: Flags [S], seq 3600727564, win 1024, options [mss 1460], length 0
17:13:46.579846 IP 192.168.5.129.39883 > 192.168.5.131.sunrpc: Flags [S], seq 3600727564, win 1024, options [mss 1460], length 0
17:13:46.579868 IP 192.168.5.129.39883 > 192.168.5.131.rtsp: Flags [S], seq 3600727564, win 1024, options [mss 1460], length 0
17:13:46.579893 IP 192.168.5.129.39883 > 192.168.5.131.http: Flags [S], seq 3600727564, win 1024, options [mss 1460], length 0
17:13:46.579922 IP 192.168.5.129.39883 > 192.168.5.131.1025: Flags [S], seq 3600727564, win 1024, options [mss 1460], length 0
17:13:46.579965 IP 192.168.5.131.ssh > 192.168.5.129.39884: Flags [S.], seq 665639164, ack 3600793102, win 5840, options [mss 1460], length 0
17:13:46.579993 IP 192.168.5.131.imap2 > 192.168.5.129.39884: Flags [R.], seq 0, ack 3600793102, win 0, length 0
17:13:46.580013 IP 192.168.5.131.http-alt > 192.168.5.129.39884: Flags [R.], seq 0, ack 3600793102, win 0, length 0
17:13:46.580037 IP 192.168.5.131.smux > 192.168.5.129.39883: Flags [R.], seq 0, ack 3600727565, win 0, length 0
17:13:46.580060 IP 192.168.5.131.8888 > 192.168.5.129.39883: Flags [R.], seq 0, ack 3600727565, win 0, length 0
17:13:46.580082 IP 192.168.5.131.ftp > 192.168.5.129.39883: Flags [S.], seq 680748790, ack 3600727565, win 5840, options [mss 1460], length 0
17:13:46.580119 IP 192.168.5.129.39883 > 192.168.5.131.auth: Flags [S], seq 3600727564, win 1024, options [mss 1460], length 0
17:13:46.580142 IP 192.168.5.129.39883 > 192.168.5.131.5900: Flags [S], seq 3600727564, win 1024, options [mss 1460], length 0
17:13:46.580166 IP 192.168.5.129.39884 > 192.168.5.131.ssh: Flags [R], seq 3600793102, win 0, length 0
17:13:46.580191 IP 192.168.5.129.39883 > 192.168.5.131.submission: Flags [S], seq 3600727564, win 1024, options [mss 1460], length 0
17:13:46.580214 IP 192.168.5.129.39883 > 192.168.5.131.ftp: Flags [R], seq 3600727565, win 0, length 0
17:13:46.580238 IP 192.168.5.129.39883 > 192.168.5.131.144: Flags [S], seq 3600727564, win 1024, options [mss 1460], length 0
17:13:46.580258 IP 192.168.5.129.39883 > 192.168.5.131.8008: Flags [S], seq 3600727564, win 1024, options [mss 1460], length 0
17:13:46.580305 IP 192.168.5.129.39883 > 192.168.5.131.26: Flags [S], seq 3600727564, win 1024, options [mss 1460], length 0
17:13:46.580329 IP 192.168.5.129.39883 > 192.168.5.131.iprop: Flags [S], seq 3600727564, win 1024, options [mss 1460], length 0
17:13:46.580374 IP 192.168.5.129.39883 > 192.168.5.131.finger: Flags [S], seq 3600727564, win 1024, options [mss 1460], length 0
17:13:46.580398 IP 192.168.5.129.39883 > 192.168.5.131.49152: Flags [S], seq 3600727564, win 1024, options [mss 1460], length 0
17:13:46.580434 IP 192.168.5.131.1720 > 192.168.5.129.39883: Flags [R.], seq 0, ack 3600727565, win 0, length 0
17:13:46.580466 IP 192.168.5.129.39883 > 192.168.5.131.discard: Flags [S], seq 3600727564, win 1024, options [mss 1460], length 0
17:13:46.580577 IP 192.168.5.131.loc-srv > 192.168.5.129.39883: Flags [R.], seq 0, ack 3600727565, win 0, length 0
17:13:46.580622 IP 192.168.5.131.pop3 > 192.168.5.129.39883: Flags [R.], seq 0, ack 3600727565, win 0, length 0
17:13:46.580652 IP 192.168.5.131.mysql > 192.168.5.129.39883: Flags [S.], seq 672236723, ack 3600727565, win 5840, options [mss 1460], length 0
17:13:46.580679 IP 192.168.5.131.smtp > 192.168.5.129.39883: Flags [S.], seq 675560907, ack 3600727565, win 5840, options [mss 1460], length 0
17:13:46.580730 IP 192.168.5.131.microsoft-ds > 192.168.5.129.39883: Flags [S.], seq 674263781, ack 3600727565, win 5840, options [mss 1460], length 0
17:13:46.580761 IP 192.168.5.131.https > 192.168.5.129.39883: Flags [R.], seq 0, ack 3600727565, win 0, length 0
17:13:46.580797 IP 192.168.5.129.39883 > 192.168.5.131.mysql: Flags [R], seq 3600727565, win 0, length 0
17:13:46.580841 IP 192.168.5.131.sunrpc > 192.168.5.129.39883: Flags [S.], seq 674447135, ack 3600727565, win 5840, options [mss 1460], length 0
17:13:46.580864 IP 192.168.5.131.rtsp > 192.168.5.129.39883: Flags [R.], seq 0, ack 3600727565, win 0, length 0
17:13:46.580888 IP 192.168.5.131.http > 192.168.5.129.39883: Flags [S.], seq 678669091, ack 3600727565, win 5840, options [mss 1460], length 0
17:13:46.580924 IP 192.168.5.129.39883 > 192.168.5.131.smtp: Flags [R], seq 3600727565, win 0, length 0
17:13:46.580960 IP 192.168.5.131.1025 > 192.168.5.129.39883: Flags [R.], seq 0, ack 3600727565, win 0, length 0
17:13:46.580983 IP 192.168.5.131.auth > 192.168.5.129.39883: Flags [R.], seq 0, ack 3600727565, win 0, length 0
17:13:46.581009 IP 192.168.5.131.5900 > 192.168.5.129.39883: Flags [S.], seq 680357800, ack 3600727565, win 5840, options [mss 1460], length 0
17:13:46.581044 IP 192.168.5.129.39883 > 192.168.5.131.microsoft-ds: Flags [R], seq 3600727565, win 0, length 0
17:13:46.581080 IP 192.168.5.131.submission > 192.168.5.129.39883: Flags [R.], seq 0, ack 3600727565, win 0, length 0
17:13:46.581106 IP 192.168.5.131.144 > 192.168.5.129.39883: Flags [R.], seq 0, ack 3600727565, win 0, length 0
17:13:46.581128 IP 192.168.5.131.8008 > 192.168.5.129.39883: Flags [R.], seq 0, ack 3600727565, win 0, length 0
17:13:46.581151 IP 192.168.5.131.26 > 192.168.5.129.39883: Flags [R.], seq 0, ack 3600727565, win 0, length 0
17:13:46.581187 IP 192.168.5.129.39883 > 192.168.5.131.sunrpc: Flags [R], seq 3600727565, win 0, length 0
17:13:46.581210 IP 192.168.5.129.39883 > 192.168.5.131.http: Flags [R], seq 3600727565, win 0, length 0
17:13:46.581245 IP 192.168.5.131.iprop > 192.168.5.129.39883: Flags [S.], seq 679584476, ack 3600727565, win 5840, options [mss 1460], length 0
17:13:46.581267 IP 192.168.5.131.finger > 192.168.5.129.39883: Flags [R.], seq 0, ack 3600727565, win 0, length 0
17:13:46.581292 IP 192.168.5.131.49152 > 192.168.5.129.39883: Flags [R.], seq 0, ack 3600727565, win 0, length 0
17:13:46.581324 IP 192.168.5.129.39883 > 192.168.5.131.5900: Flags [R], seq 3600727565, win 0, length 0
17:13:46.581357 IP 192.168.5.131.discard > 192.168.5.129.39883: Flags [R.], seq 0, ack 3600727565, win 0, length 0
17:13:46.581394 IP 192.168.5.129.39883 > 192.168.5.131.iprop: Flags [R], seq 3600727565, win 0, length 0
17:13:46.585356 IP 192.168.5.129.39883 > 192.168.5.131.poppassd: Flags [S], seq 3600727564, win 1024, options [mss 1460], length 0
17:13:46.585449 IP 192.168.5.129.39883 > 192.168.5.131.1026: Flags [S], seq 3600727564, win 1024, options [mss 1460], length 0
17:13:46.585502 IP 192.168.5.129.39883 > 192.168.5.131.ms-sql-s: Flags [S], seq 3600727564, win 1024, options [mss 1460], length 0
17:13:46.585551 IP 192.168.5.129.39883 > 192.168.5.131.enbd-cstatd: Flags [S], seq 3600727564, win 1024, options [mss 1460], length 0
17:13:46.585594 IP 192.168.5.129.39883 > 192.168.5.131.49154: Flags [S], seq 3600727564, win 1024, options [mss 1460], length 0
17:13:46.585660 IP 192.168.5.131.poppassd > 192.168.5.129.39883: Flags [R.], seq 0, ack 3600727565, win 0, length 0
17:13:46.585711 IP 192.168.5.131.1026 > 192.168.5.129.39883: Flags [R.], seq 0, ack 3600727565, win 0, length 0
17:13:46.585760 IP 192.168.5.131.ms-sql-s > 192.168.5.129.39883: Flags [R.], seq 0, ack 3600727565, win 0, length 0
17:13:46.585806 IP 192.168.5.131.enbd-cstatd > 192.168.5.129.39883: Flags [R.], seq 0, ack 3600727565, win 0, length 0
17:13:46.585951 IP 192.168.5.131.49154 > 192.168.5.129.39883: Flags [R.], seq 0, ack 3600727565, win 0, length 0
17:13:46.683570 IP 192.168.5.129.39883 > 192.168.5.131.ipp: Flags [S], seq 3600727564, win 1024, options [mss 1460], length 0
17:13:46.684124 IP 192.168.5.129.39883 > 192.168.5.131.3128: Flags [S], seq 3600727564, win 1024, options [mss 1460], length 0
17:13:46.684168 IP 192.168.5.129.39883 > 192.168.5.131.webmin: Flags [S], seq 3600727564, win 1024, options [mss 1460], length 0
17:13:46.684306 IP 192.168.5.129.39883 > 192.168.5.131.5000: Flags [S], seq 3600727564, win 1024, options [mss 1460], length 0
17:13:46.684380 IP 192.168.5.129.39883 > 192.168.5.131.1110: Flags [S], seq 3600727564, win 1024, options [mss 1460], length 0
17:13:46.684427 IP 192.168.5.129.39883 > 192.168.5.131.81: Flags [S], seq 3600727564, win 1024, options [mss 1460], length 0
17:13:46.684468 IP 192.168.5.129.39883 > 192.168.5.131.shell: Flags [S], seq 3600727564, win 1024, options [mss 1460], length 0
17:13:46.684508 IP 192.168.5.129.39883 > 192.168.5.131.rsync: Flags [S], seq 3600727564, win 1024, options [mss 1460], length 0
17:13:46.684546 IP 192.168.5.129.39883 > 192.168.5.131.x11: Flags [S], seq 3600727564, win 1024, options [mss 1460], length 0
17:13:46.684584 IP 192.168.5.129.39883 > 192.168.5.131.time: Flags [S], seq 3600727564, win 1024, options [mss 1460], length 0
17:13:46.684608 IP 192.168.5.129.39883 > 192.168.5.131.32768: Flags [S], seq 3600727564, win 1024, options [mss 1460], length 0
17:13:46.684633 IP 192.168.5.129.39883 > 192.168.5.131.kshell: Flags [S], seq 3600727564, win 1024, options [mss 1460], length 0
17:13:46.684657 IP 192.168.5.129.39883 > 192.168.5.131.daytime: Flags [S], seq 3600727564, win 1024, options [mss 1460], length 0
17:13:46.684682 IP 192.168.5.129.39883 > 192.168.5.131.svrloc: Flags [S], seq 3600727564, win 1024, options [mss 1460], length 0
17:13:46.684706 IP 192.168.5.129.39883 > 192.168.5.131.7070: Flags [S], seq 3600727564, win 1024, options [mss 1460], length 0
17:13:46.684731 IP 192.168.5.129.39883 > 192.168.5.131.nfs: Flags [S], seq 3600727564, win 1024, options [mss 1460], length 0
17:13:46.684764 IP 192.168.5.129.39883 > 192.168.5.131.6646: Flags [S], seq 3600727564, win 1024, options [mss 1460], length 0
17:13:46.684789 IP 192.168.5.129.39883 > 192.168.5.131.1029: Flags [S], seq 3600727564, win 1024, options [mss 1460], length 0
17:13:46.684813 IP 192.168.5.129.39883 > 192.168.5.131.klogin: Flags [S], seq 3600727564, win 1024, options [mss 1460], length 0
17:13:46.684876 IP 192.168.5.129.39883 > 192.168.5.131.8443: Flags [S], seq 3600727564, win 1024, options [mss 1460], length 0
17:13:46.684922 IP 192.168.5.129.39883 > 192.168.5.131.49155: Flags [S], seq 3600727564, win 1024, options [mss 1460], length 0
17:13:46.684947 IP 192.168.5.129.39883 > 192.168.5.131.646: Flags [S], seq 3600727564, win 1024, options [mss 1460], length 0
17:13:46.685076 IP 192.168.5.131.ipp > 192.168.5.129.39883: Flags [R.], seq 0, ack 3600727565, win 0, length 0
17:13:46.685123 IP 192.168.5.131.3128 > 192.168.5.129.39883: Flags [R.], seq 0, ack 3600727565, win 0, length 0
17:13:46.685154 IP 192.168.5.131.webmin > 192.168.5.129.39883: Flags [R.], seq 0, ack 3600727565, win 0, length 0
17:13:46.685182 IP 192.168.5.131.5000 > 192.168.5.129.39883: Flags [R.], seq 0, ack 3600727565, win 0, length 0
17:13:46.685204 IP 192.168.5.131.1110 > 192.168.5.129.39883: Flags [R.], seq 0, ack 3600727565, win 0, length 0
17:13:46.685227 IP 192.168.5.131.81 > 192.168.5.129.39883: Flags [R.], seq 0, ack 3600727565, win 0, length 0
17:13:46.685313 IP 192.168.5.131.shell > 192.168.5.129.39883: Flags [S.], seq 677382249, ack 3600727565, win 5840, options [mss 1460], length 0
17:13:46.685354 IP 192.168.5.131.rsync > 192.168.5.129.39883: Flags [R.], seq 0, ack 3600727565, win 0, length 0
17:13:46.685387 IP 192.168.5.131.x11 > 192.168.5.129.39883: Flags [S.], seq 672505465, ack 3600727565, win 5840, options [mss 1460], length 0
17:13:46.685425 IP 192.168.5.129.39883 > 192.168.5.131.shell: Flags [R], seq 3600727565, win 0, length 0
17:13:46.685470 IP 192.168.5.129.39883 > 192.168.5.131.x11: Flags [R], seq 3600727565, win 0, length 0
17:13:46.685502 IP 192.168.5.131.time > 192.168.5.129.39883: Flags [R.], seq 0, ack 3600727565, win 0, length 0
17:13:46.685551 IP 192.168.5.131.32768 > 192.168.5.129.39883: Flags [R.], seq 0, ack 3600727565, win 0, length 0
17:13:46.685588 IP 192.168.5.131.kshell > 192.168.5.129.39883: Flags [R.], seq 0, ack 3600727565, win 0, length 0
17:13:46.685724 IP 192.168.5.131.daytime > 192.168.5.129.39883: Flags [R.], seq 0, ack 3600727565, win 0, length 0
17:13:46.685779 IP 192.168.5.131.svrloc > 192.168.5.129.39883: Flags [R.], seq 0, ack 3600727565, win 0, length 0
17:13:46.685807 IP 192.168.5.131.7070 > 192.168.5.129.39883: Flags [R.], seq 0, ack 3600727565, win 0, length 0
17:13:46.685830 IP 192.168.5.131.nfs > 192.168.5.129.39883: Flags [S.], seq 675605458, ack 3600727565, win 5840, options [mss 1460], length 0
17:13:46.685852 IP 192.168.5.131.6646 > 192.168.5.129.39883: Flags [R.], seq 0, ack 3600727565, win 0, length 0
17:13:46.685875 IP 192.168.5.131.1029 > 192.168.5.129.39883: Flags [R.], seq 0, ack 3600727565, win 0, length 0
17:13:46.685901 IP 192.168.5.131.klogin > 192.168.5.129.39883: Flags [R.], seq 0, ack 3600727565, win 0, length 0
17:13:46.685939 IP 192.168.5.129.39883 > 192.168.5.131.nfs: Flags [R], seq 3600727565, win 0, length 0
17:13:46.685979 IP 192.168.5.131.8443 > 192.168.5.129.39883: Flags [R.], seq 0, ack 3600727565, win 0, length 0
17:13:46.686033 IP 192.168.5.131.49155 > 192.168.5.129.39883: Flags [R.], seq 0, ack 3600727565, win 0, length 0
17:13:46.686082 IP 192.168.5.131.646 > 192.168.5.129.39883: Flags [R.], seq 0, ack 3600727565, win 0, length 0
17:13:46.785309 IP 192.168.5.129.39884 > 192.168.5.131.time: Flags [S], seq 3600793101, win 1024, options [mss 1460], length 0
17:13:46.786141 IP 192.168.5.129.39884 > 192.168.5.131.x11: Flags [S], seq 3600793101, win 1024, options [mss 1460], length 0
17:13:46.786250 IP 192.168.5.129.39884 > 192.168.5.131.rsync: Flags [S], seq 3600793101, win 1024, options [mss 1460], length 0
17:13:46.786336 IP 192.168.5.129.39884 > 192.168.5.131.shell: Flags [S], seq 3600793101, win 1024, options [mss 1460], length 0
17:13:46.786435 IP 192.168.5.129.39884 > 192.168.5.131.81: Flags [S], seq 3600793101, win 1024, options [mss 1460], length 0
17:13:46.786538 IP 192.168.5.129.39884 > 192.168.5.131.1110: Flags [S], seq 3600793101, win 1024, options [mss 1460], length 0
17:13:46.787193 IP 192.168.5.129.39884 > 192.168.5.131.5000: Flags [S], seq 3600793101, win 1024, options [mss 1460], length 0
17:13:46.787322 IP 192.168.5.129.39884 > 192.168.5.131.webmin: Flags [S], seq 3600793101, win 1024, options [mss 1460], length 0
17:13:46.787452 IP 192.168.5.129.39884 > 192.168.5.131.3128: Flags [S], seq 3600793101, win 1024, options [mss 1460], length 0
17:13:46.787594 IP 192.168.5.129.39884 > 192.168.5.131.ipp: Flags [S], seq 3600793101, win 1024, options [mss 1460], length 0
17:13:46.787775 IP 192.168.5.131.time > 192.168.5.129.39884: Flags [R.], seq 0, ack 3600793102, win 0, length 0
17:13:46.787873 IP 192.168.5.131.x11 > 192.168.5.129.39884: Flags [S.], seq 677116328, ack 3600793102, win 5840, options [mss 1460], length 0
17:13:46.787959 IP 192.168.5.131.rsync > 192.168.5.129.39884: Flags [R.], seq 0, ack 3600793102, win 0, length 0
17:13:46.788043 IP 192.168.5.131.shell > 192.168.5.129.39884: Flags [S.], seq 684369601, ack 3600793102, win 5840, options [mss 1460], length 0
17:13:46.788172 IP 192.168.5.131.81 > 192.168.5.129.39884: Flags [R.], seq 0, ack 3600793102, win 0, length 0
17:13:46.788758 IP 192.168.5.131.1110 > 192.168.5.129.39884: Flags [R.], seq 0, ack 3600793102, win 0, length 0
17:13:46.788848 IP 192.168.5.131.5000 > 192.168.5.129.39884: Flags [R.], seq 0, ack 3600793102, win 0, length 0
17:13:46.788937 IP 192.168.5.131.webmin > 192.168.5.129.39884: Flags [R.], seq 0, ack 3600793102, win 0, length 0
17:13:46.789034 IP 192.168.5.131.3128 > 192.168.5.129.39884: Flags [R.], seq 0, ack 3600793102, win 0, length 0
17:13:46.789117 IP 192.168.5.131.ipp > 192.168.5.129.39884: Flags [R.], seq 0, ack 3600793102, win 0, length 0
17:13:46.789259 IP 192.168.5.129.39884 > 192.168.5.131.x11: Flags [R], seq 3600793102, win 0, length 0
17:13:46.789347 IP 192.168.5.129.39884 > 192.168.5.131.shell: Flags [R], seq 3600793102, win 0, length 0
17:13:46.789533 IP 192.168.5.129.39884 > 192.168.5.131.646: Flags [S], seq 3600793101, win 1024, options [mss 1460], length 0
17:13:46.789649 IP 192.168.5.129.39884 > 192.168.5.131.49155: Flags [S], seq 3600793101, win 1024, options [mss 1460], length 0
17:13:46.789811 IP 192.168.5.129.39884 > 192.168.5.131.8443: Flags [S], seq 3600793101, win 1024, options [mss 1460], length 0
17:13:46.789896 IP 192.168.5.129.39884 > 192.168.5.131.klogin: Flags [S], seq 3600793101, win 1024, options [mss 1460], length 0
17:13:46.790058 IP 192.168.5.129.39884 > 192.168.5.131.1029: Flags [S], seq 3600793101, win 1024, options [mss 1460], length 0
17:13:46.790144 IP 192.168.5.129.39884 > 192.168.5.131.6646: Flags [S], seq 3600793101, win 1024, options [mss 1460], length 0
17:13:46.790303 IP 192.168.5.129.39884 > 192.168.5.131.nfs: Flags [S], seq 3600793101, win 1024, options [mss 1460], length 0
17:13:46.790389 IP 192.168.5.129.39884 > 192.168.5.131.7070: Flags [S], seq 3600793101, win 1024, options [mss 1460], length 0
17:13:46.790521 IP 192.168.5.131.646 > 192.168.5.129.39884: Flags [R.], seq 0, ack 3600793102, win 0, length 0
17:13:46.790701 IP 192.168.5.129.39884 > 192.168.5.131.svrloc: Flags [S], seq 3600793101, win 1024, options [mss 1460], length 0
17:13:46.790798 IP 192.168.5.129.39884 > 192.168.5.131.daytime: Flags [S], seq 3600793101, win 1024, options [mss 1460], length 0
17:13:46.790940 IP 192.168.5.129.39884 > 192.168.5.131.kshell: Flags [S], seq 3600793101, win 1024, options [mss 1460], length 0
17:13:46.791103 IP 192.168.5.129.39884 > 192.168.5.131.32768: Flags [S], seq 3600793101, win 1024, options [mss 1460], length 0
17:13:46.791258 IP 192.168.5.131.49155 > 192.168.5.129.39884: Flags [R.], seq 0, ack 3600793102, win 0, length 0
17:13:46.791348 IP 192.168.5.131.8443 > 192.168.5.129.39884: Flags [R.], seq 0, ack 3600793102, win 0, length 0
17:13:46.791495 IP 192.168.5.131.klogin > 192.168.5.129.39884: Flags [R.], seq 0, ack 3600793102, win 0, length 0
17:13:46.791579 IP 192.168.5.131.1029 > 192.168.5.129.39884: Flags [R.], seq 0, ack 3600793102, win 0, length 0
17:13:46.791653 IP 192.168.5.131.6646 > 192.168.5.129.39884: Flags [R.], seq 0, ack 3600793102, win 0, length 0
17:13:46.791735 IP 192.168.5.131.nfs > 192.168.5.129.39884: Flags [S.], seq 684199624, ack 3600793102, win 5840, options [mss 1460], length 0
17:13:46.791892 IP 192.168.5.131.7070 > 192.168.5.129.39884: Flags [R.], seq 0, ack 3600793102, win 0, length 0
17:13:46.792036 IP 192.168.5.131.svrloc > 192.168.5.129.39884: Flags [R.], seq 0, ack 3600793102, win 0, length 0
17:13:46.792122 IP 192.168.5.131.daytime > 192.168.5.129.39884: Flags [R.], seq 0, ack 3600793102, win 0, length 0
17:13:46.792288 IP 192.168.5.131.kshell > 192.168.5.129.39884: Flags [R.], seq 0, ack 3600793102, win 0, length 0
17:13:46.792366 IP 192.168.5.131.32768 > 192.168.5.129.39884: Flags [R.], seq 0, ack 3600793102, win 0, length 0
17:13:46.792495 IP 192.168.5.129.39884 > 192.168.5.131.nfs: Flags [R], seq 3600793102, win 0, length 0
17:13:46.886687 IP 192.168.5.129.39883 > 192.168.5.131.kerberos: Flags [S], seq 3600727564, win 1024, options [mss 1460], length 0
17:13:46.886955 IP 192.168.5.129.39883 > 192.168.5.131.3000: Flags [S], seq 3600727564, win 1024, options [mss 1460], length 0
17:13:46.887120 IP 192.168.5.129.39883 > 192.168.5.131.2001: Flags [S], seq 3600727564, win 1024, options [mss 1460], length 0
17:13:46.887275 IP 192.168.5.129.39883 > 192.168.5.131.aol: Flags [S], seq 3600727564, win 1024, options [mss 1460], length 0
17:13:46.887431 IP 192.168.5.129.39883 > 192.168.5.131.urd: Flags [S], seq 3600727564, win 1024, options [mss 1460], length 0
17:13:46.887580 IP 192.168.5.129.39883 > 192.168.5.131.1755: Flags [S], seq 3600727564, win 1024, options [mss 1460], length 0
17:13:46.887749 IP 192.168.5.129.39883 > 192.168.5.131.5631: Flags [S], seq 3600727564, win 1024, options [mss 1460], length 0
17:13:46.887852 IP 192.168.5.129.39883 > 192.168.5.131.1900: Flags [S], seq 3600727564, win 1024, options [mss 1460], length 0
17:13:46.887941 IP 192.168.5.129.39883 > 192.168.5.131.printer: Flags [S], seq 3600727564, win 1024, options [mss 1460], length 0
17:13:46.888028 IP 192.168.5.129.39883 > 192.168.5.131.tproxy: Flags [S], seq 3600727564, win 1024, options [mss 1460], length 0
17:13:46.888117 IP 192.168.5.129.39883 > 192.168.5.131.8000: Flags [S], seq 3600727564, win 1024, options [mss 1460], length 0
17:13:46.888205 IP 192.168.5.129.39883 > 192.168.5.131.49153: Flags [S], seq 3600727564, win 1024, options [mss 1460], length 0
17:13:46.888291 IP 192.168.5.129.39883 > 192.168.5.131.echo: Flags [S], seq 3600727564, win 1024, options [mss 1460], length 0
17:13:46.888478 IP 192.168.5.129.39883 > 192.168.5.131.ldap: Flags [S], seq 3600727564, win 1024, options [mss 1460], length 0
17:13:46.888571 IP 192.168.5.129.39883 > 192.168.5.131.5357: Flags [S], seq 3600727564, win 1024, options [mss 1460], length 0
17:13:46.888716 IP 192.168.5.131.kerberos > 192.168.5.129.39883: Flags [R.], seq 0, ack 3600727565, win 0, length 0
17:13:46.888904 IP 192.168.5.131.3000 > 192.168.5.129.39883: Flags [R.], seq 0, ack 3600727565, win 0, length 0
17:13:46.889178 IP 192.168.5.131.2001 > 192.168.5.129.39883: Flags [R.], seq 0, ack 3600727565, win 0, length 0
17:13:46.889267 IP 192.168.5.131.aol > 192.168.5.129.39883: Flags [R.], seq 0, ack 3600727565, win 0, length 0
17:13:46.889425 IP 192.168.5.131.urd > 192.168.5.129.39883: Flags [R.], seq 0, ack 3600727565, win 0, length 0
17:13:46.889509 IP 192.168.5.131.1755 > 192.168.5.129.39883: Flags [R.], seq 0, ack 3600727565, win 0, length 0
17:13:46.889667 IP 192.168.5.131.5631 > 192.168.5.129.39883: Flags [R.], seq 0, ack 3600727565, win 0, length 0
17:13:46.889750 IP 192.168.5.131.1900 > 192.168.5.129.39883: Flags [R.], seq 0, ack 3600727565, win 0, length 0
17:13:46.889901 IP 192.168.5.131.printer > 192.168.5.129.39883: Flags [R.], seq 0, ack 3600727565, win 0, length 0
17:13:46.889984 IP 192.168.5.131.tproxy > 192.168.5.129.39883: Flags [R.], seq 0, ack 3600727565, win 0, length 0
17:13:46.890138 IP 192.168.5.131.8000 > 192.168.5.129.39883: Flags [R.], seq 0, ack 3600727565, win 0, length 0
17:13:46.890222 IP 192.168.5.131.49153 > 192.168.5.129.39883: Flags [R.], seq 0, ack 3600727565, win 0, length 0
17:13:46.890375 IP 192.168.5.131.echo > 192.168.5.129.39883: Flags [R.], seq 0, ack 3600727565, win 0, length 0
17:13:46.890457 IP 192.168.5.131.ldap > 192.168.5.129.39883: Flags [R.], seq 0, ack 3600727565, win 0, length 0
17:13:46.890608 IP 192.168.5.131.5357 > 192.168.5.129.39883: Flags [R.], seq 0, ack 3600727565, win 0, length 0
17:13:46.987304 IP 192.168.5.129.39884 > 192.168.5.131.2001: Flags [S], seq 3600793101, win 1024, options [mss 1460], length 0
17:13:46.987480 IP 192.168.5.129.39884 > 192.168.5.131.3000: Flags [S], seq 3600793101, win 1024, options [mss 1460], length 0
17:13:46.987581 IP 192.168.5.129.39884 > 192.168.5.131.kerberos: Flags [S], seq 3600793101, win 1024, options [mss 1460], length 0
17:13:46.988275 IP 192.168.5.131.2001 > 192.168.5.129.39884: Flags [R.], seq 0, ack 3600793102, win 0, length 0
17:13:46.988432 IP 192.168.5.131.3000 > 192.168.5.129.39884: Flags [R.], seq 0, ack 3600793102, win 0, length 0
17:13:46.988535 IP 192.168.5.131.kerberos > 192.168.5.129.39884: Flags [R.], seq 0, ack 3600793102, win 0, length 0
17:13:46.991009 IP 192.168.5.129.39884 > 192.168.5.131.5357: Flags [S], seq 3600793101, win 1024, options [mss 1460], length 0
17:13:46.991187 IP 192.168.5.129.39884 > 192.168.5.131.ldap: Flags [S], seq 3600793101, win 1024, options [mss 1460], length 0
17:13:46.991287 IP 192.168.5.129.39884 > 192.168.5.131.echo: Flags [S], seq 3600793101, win 1024, options [mss 1460], length 0
17:13:46.991642 IP 192.168.5.129.39884 > 192.168.5.131.49153: Flags [S], seq 3600793101, win 1024, options [mss 1460], length 0
17:13:46.992310 IP 192.168.5.129.39884 > 192.168.5.131.8000: Flags [S], seq 3600793101, win 1024, options [mss 1460], length 0
17:13:46.992510 IP 192.168.5.129.39884 > 192.168.5.131.tproxy: Flags [S], seq 3600793101, win 1024, options [mss 1460], length 0
17:13:46.992714 IP 192.168.5.129.39884 > 192.168.5.131.printer: Flags [S], seq 3600793101, win 1024, options [mss 1460], length 0
17:13:46.992864 IP 192.168.5.129.39884 > 192.168.5.131.1900: Flags [S], seq 3600793101, win 1024, options [mss 1460], length 0
17:13:46.993061 IP 192.168.5.131.5357 > 192.168.5.129.39884: Flags [R.], seq 0, ack 3600793102, win 0, length 0
17:13:46.993178 IP 192.168.5.131.ldap > 192.168.5.129.39884: Flags [R.], seq 0, ack 3600793102, win 0, length 0
17:13:46.993284 IP 192.168.5.131.echo > 192.168.5.129.39884: Flags [R.], seq 0, ack 3600793102, win 0, length 0
17:13:46.993398 IP 192.168.5.131.49153 > 192.168.5.129.39884: Flags [R.], seq 0, ack 3600793102, win 0, length 0
17:13:46.993474 IP 192.168.5.131.8000 > 192.168.5.129.39884: Flags [R.], seq 0, ack 3600793102, win 0, length 0
17:13:46.993529 IP 192.168.5.131.tproxy > 192.168.5.129.39884: Flags [R.], seq 0, ack 3600793102, win 0, length 0
17:13:46.993588 IP 192.168.5.131.printer > 192.168.5.129.39884: Flags [R.], seq 0, ack 3600793102, win 0, length 0
17:13:46.993641 IP 192.168.5.131.1900 > 192.168.5.129.39884: Flags [R.], seq 0, ack 3600793102, win 0, length 0
17:13:46.993736 IP 192.168.5.1.54399 > 239.255.255.250.1900: UDP, length 173
17:13:46.993778 IP 192.168.5.129.39884 > 192.168.5.131.5631: Flags [S], seq 3600793101, win 1024, options [mss 1460], length 0
17:13:46.993941 IP 192.168.5.129.39884 > 192.168.5.131.1755: Flags [S], seq 3600793101, win 1024, options [mss 1460], length 0
17:13:46.994121 IP 192.168.5.129.39884 > 192.168.5.131.urd: Flags [S], seq 3600793101, win 1024, options [mss 1460], length 0
17:13:46.994272 IP 192.168.5.129.39884 > 192.168.5.131.aol: Flags [S], seq 3600793101, win 1024, options [mss 1460], length 0
17:13:46.994512 IP 192.168.5.131.5631 > 192.168.5.129.39884: Flags [R.], seq 0, ack 3600793102, win 0, length 0
17:13:46.994688 IP 192.168.5.131.1755 > 192.168.5.129.39884: Flags [R.], seq 0, ack 3600793102, win 0, length 0
17:13:46.994831 IP 192.168.5.131.urd > 192.168.5.129.39884: Flags [R.], seq 0, ack 3600793102, win 0, length 0
17:13:46.994926 IP 192.168.5.131.aol > 192.168.5.129.39884: Flags [R.], seq 0, ack 3600793102, win 0, length 0
17:13:47.089515 IP 192.168.5.129.39883 > 192.168.5.131.snpp: Flags [S], seq 3600727564, win 1024, options [mss 1460], length 0
17:13:47.090135 IP 192.168.5.131.snpp > 192.168.5.129.39883: Flags [R.], seq 0, ack 3600727565, win 0, length 0
17:13:47.097357 IP 192.168.5.129.39883 > 192.168.5.131.nrpe: Flags [S], seq 3600727564, win 1024, options [mss 1460], length 0
17:13:47.097974 IP 192.168.5.131.nrpe > 192.168.5.129.39883: Flags [R.], seq 0, ack 3600727565, win 0, length 0
17:13:47.104335 IP 192.168.5.129.39883 > 192.168.5.131.9999: Flags [S], seq 3600727564, win 1024, options [mss 1460], length 0
17:13:47.104864 IP 192.168.5.131.9999 > 192.168.5.129.39883: Flags [R.], seq 0, ack 3600727565, win 0, length 0
17:13:47.112153 IP 192.168.5.129.39883 > 192.168.5.131.postgresql: Flags [S], seq 3600727564, win 1024, options [mss 1460], length 0
17:13:47.112580 IP 192.168.5.131.postgresql > 192.168.5.129.39883: Flags [S.], seq 685427993, ack 3600727565, win 5840, options [mss 1460], length 0
17:13:47.112983 IP 192.168.5.129.39883 > 192.168.5.131.postgresql: Flags [R], seq 3600727565, win 0, length 0
17:13:47.120421 IP 192.168.5.129.39883 > 192.168.5.131.bgp: Flags [S], seq 3600727564, win 1024, options [mss 1460], length 0
17:13:47.120955 IP 192.168.5.131.bgp > 192.168.5.129.39883: Flags [R.], seq 0, ack 3600727565, win 0, length 0
17:13:47.127877 IP 192.168.5.129.39883 > 192.168.5.131.ftps: Flags [S], seq 3600727564, win 1024, options [mss 1460], length 0
17:13:47.128367 IP 192.168.5.131.ftps > 192.168.5.129.39883: Flags [R.], seq 0, ack 3600727565, win 0, length 0
17:13:47.135972 IP 192.168.5.129.39883 > 192.168.5.131.2717: Flags [S], seq 3600727564, win 1024, options [mss 1460], length 0
17:13:47.136497 IP 192.168.5.131.2717 > 192.168.5.129.39883: Flags [R.], seq 0, ack 3600727565, win 0, length 0
17:13:47.143530 IP 192.168.5.129.39883 > 192.168.5.131.8009: Flags [S], seq 3600727564, win 1024, options [mss 1460], length 0
17:13:47.144041 IP 192.168.5.131.8009 > 192.168.5.129.39883: Flags [S.], seq 680451077, ack 3600727565, win 5840, options [mss 1460], length 0
17:13:47.144484 IP 192.168.5.129.39883 > 192.168.5.131.8009: Flags [R], seq 3600727565, win 0, length 0
17:13:47.151587 IP 192.168.5.129.39883 > 192.168.5.131.1028: Flags [S], seq 3600727564, win 1024, options [mss 1460], length 0
17:13:47.152082 IP 192.168.5.131.1028 > 192.168.5.129.39883: Flags [R.], seq 0, ack 3600727565, win 0, length 0
17:13:47.159335 IP 192.168.5.129.39883 > 192.168.5.131.1027: Flags [S], seq 3600727564, win 1024, options [mss 1460], length 0
17:13:47.159820 IP 192.168.5.131.1027 > 192.168.5.129.39883: Flags [R.], seq 0, ack 3600727565, win 0, length 0
17:13:47.167318 IP 192.168.5.129.39883 > 192.168.5.131.x11-1: Flags [S], seq 3600727564, win 1024, options [mss 1460], length 0
17:13:47.167948 IP 192.168.5.131.x11-1 > 192.168.5.129.39883: Flags [R.], seq 0, ack 3600727565, win 0, length 0
17:13:47.190969 IP 192.168.5.129.39884 > 192.168.5.131.snpp: Flags [S], seq 3600793101, win 1024, options [mss 1460], length 0
17:13:47.191590 IP 192.168.5.131.snpp > 192.168.5.129.39884: Flags [R.], seq 0, ack 3600793102, win 0, length 0
17:13:47.198558 IP 192.168.5.129.39884 > 192.168.5.131.nrpe: Flags [S], seq 3600793101, win 1024, options [mss 1460], length 0
17:13:47.199200 IP 192.168.5.131.nrpe > 192.168.5.129.39884: Flags [R.], seq 0, ack 3600793102, win 0, length 0
17:13:47.206320 IP 192.168.5.129.39884 > 192.168.5.131.9999: Flags [S], seq 3600793101, win 1024, options [mss 1460], length 0
17:13:47.207032 IP 192.168.5.131.9999 > 192.168.5.129.39884: Flags [R.], seq 0, ack 3600793102, win 0, length 0
17:13:47.214144 IP 192.168.5.129.39884 > 192.168.5.131.postgresql: Flags [S], seq 3600793101, win 1024, options [mss 1460], length 0
17:13:47.214831 IP 192.168.5.131.postgresql > 192.168.5.129.39884: Flags [S.], seq 683656178, ack 3600793102, win 5840, options [mss 1460], length 0
17:13:47.215424 IP 192.168.5.129.39884 > 192.168.5.131.postgresql: Flags [R], seq 3600793102, win 0, length 0
17:13:47.221958 IP 192.168.5.129.39884 > 192.168.5.131.bgp: Flags [S], seq 3600793101, win 1024, options [mss 1460], length 0
17:13:47.222621 IP 192.168.5.131.bgp > 192.168.5.129.39884: Flags [R.], seq 0, ack 3600793102, win 0, length 0
17:13:47.229823 IP 192.168.5.129.39884 > 192.168.5.131.ftps: Flags [S], seq 3600793101, win 1024, options [mss 1460], length 0
17:13:47.230534 IP 192.168.5.131.ftps > 192.168.5.129.39884: Flags [R.], seq 0, ack 3600793102, win 0, length 0
17:13:47.237947 IP 192.168.5.129.39884 > 192.168.5.131.2717: Flags [S], seq 3600793101, win 1024, options [mss 1460], length 0
17:13:47.238573 IP 192.168.5.131.2717 > 192.168.5.129.39884: Flags [R.], seq 0, ack 3600793102, win 0, length 0
17:13:47.245427 IP 192.168.5.129.39884 > 192.168.5.131.8009: Flags [S], seq 3600793101, win 1024, options [mss 1460], length 0
17:13:47.246115 IP 192.168.5.131.8009 > 192.168.5.129.39884: Flags [S.], seq 691691456, ack 3600793102, win 5840, options [mss 1460], length 0
17:13:47.246748 IP 192.168.5.129.39884 > 192.168.5.131.8009: Flags [R], seq 3600793102, win 0, length 0
17:13:47.253392 IP 192.168.5.129.39884 > 192.168.5.131.1028: Flags [S], seq 3600793101, win 1024, options [mss 1460], length 0
17:13:47.254388 IP 192.168.5.131.1028 > 192.168.5.129.39884: Flags [R.], seq 0, ack 3600793102, win 0, length 0
17:13:47.261086 IP 192.168.5.129.39884 > 192.168.5.131.1027: Flags [S], seq 3600793101, win 1024, options [mss 1460], length 0
17:13:47.261748 IP 192.168.5.131.1027 > 192.168.5.129.39884: Flags [R.], seq 0, ack 3600793102, win 0, length 0
17:13:47.268578 IP 192.168.5.129.39884 > 192.168.5.131.x11-1: Flags [S], seq 3600793101, win 1024, options [mss 1460], length 0
17:13:47.269282 IP 192.168.5.131.x11-1 > 192.168.5.129.39884: Flags [R.], seq 0, ack 3600793102, win 0, length 0
17:13:47.281885 IP 192.168.5.129.39883 > 192.168.5.131.nntp: Flags [S], seq 3600727564, win 1024, options [mss 1460], length 0
17:13:47.282496 IP 192.168.5.131.nntp > 192.168.5.129.39883: Flags [R.], seq 0, ack 3600727565, win 0, length 0
17:13:47.292306 IP 192.168.5.129.39883 > 192.168.5.131.49157: Flags [S], seq 3600727564, win 1024, options [mss 1460], length 0
17:13:47.292969 IP 192.168.5.131.49157 > 192.168.5.129.39883: Flags [R.], seq 0, ack 3600727565, win 0, length 0
17:13:47.303908 IP 192.168.5.129.39883 > 192.168.5.131.sip: Flags [S], seq 3600727564, win 1024, options [mss 1460], length 0
17:13:47.304585 IP 192.168.5.131.sip > 192.168.5.129.39883: Flags [R.], seq 0, ack 3600727565, win 0, length 0
17:13:47.315653 IP 192.168.5.129.39883 > 192.168.5.131.5009: Flags [S], seq 3600727564, win 1024, options [mss 1460], length 0
17:13:47.316399 IP 192.168.5.131.5009 > 192.168.5.129.39883: Flags [R.], seq 0, ack 3600727565, win 0, length 0
17:13:47.327954 IP 192.168.5.129.39883 > 192.168.5.131.9100: Flags [S], seq 3600727564, win 1024, options [mss 1460], length 0
17:13:47.328594 IP 192.168.5.131.9100 > 192.168.5.129.39883: Flags [R.], seq 0, ack 3600727565, win 0, length 0
17:13:47.339284 IP 192.168.5.129.39883 > 192.168.5.131.afpovertcp: Flags [S], seq 3600727564, win 1024, options [mss 1460], length 0
17:13:47.339919 IP 192.168.5.131.afpovertcp > 192.168.5.129.39883: Flags [R.], seq 0, ack 3600727565, win 0, length 0
17:13:47.350565 IP 192.168.5.129.39883 > 192.168.5.131.49156: Flags [S], seq 3600727564, win 1024, options [mss 1460], length 0
17:13:47.351186 IP 192.168.5.131.49156 > 192.168.5.129.39883: Flags [R.], seq 0, ack 3600727565, win 0, length 0
17:13:47.362743 IP 192.168.5.129.39883 > 192.168.5.131.cisco-sccp: Flags [S], seq 3600727564, win 1024, options [mss 1460], length 0
17:13:47.363377 IP 192.168.5.131.cisco-sccp > 192.168.5.129.39883: Flags [R.], seq 0, ack 3600727565, win 0, length 0
17:13:47.386024 IP 192.168.5.129.39884 > 192.168.5.131.nntp: Flags [S], seq 3600793101, win 1024, options [mss 1460], length 0
17:13:47.386686 IP 192.168.5.131.nntp > 192.168.5.129.39884: Flags [R.], seq 0, ack 3600793102, win 0, length 0
17:13:47.397633 IP 192.168.5.129.39884 > 192.168.5.131.49157: Flags [S], seq 3600793101, win 1024, options [mss 1460], length 0
17:13:47.398330 IP 192.168.5.131.49157 > 192.168.5.129.39884: Flags [R.], seq 0, ack 3600793102, win 0, length 0
17:13:47.409655 IP 192.168.5.129.39884 > 192.168.5.131.sip: Flags [S], seq 3600793101, win 1024, options [mss 1460], length 0
17:13:47.410293 IP 192.168.5.131.sip > 192.168.5.129.39884: Flags [R.], seq 0, ack 3600793102, win 0, length 0
17:13:47.421098 IP 192.168.5.129.39884 > 192.168.5.131.5009: Flags [S], seq 3600793101, win 1024, options [mss 1460], length 0
17:13:47.421786 IP 192.168.5.131.5009 > 192.168.5.129.39884: Flags [R.], seq 0, ack 3600793102, win 0, length 0
17:13:47.432980 IP 192.168.5.129.39884 > 192.168.5.131.9100: Flags [S], seq 3600793101, win 1024, options [mss 1460], length 0
17:13:47.433725 IP 192.168.5.131.9100 > 192.168.5.129.39884: Flags [R.], seq 0, ack 3600793102, win 0, length 0
17:13:47.444567 IP 192.168.5.129.39884 > 192.168.5.131.afpovertcp: Flags [S], seq 3600793101, win 1024, options [mss 1460], length 0
17:13:47.445291 IP 192.168.5.131.afpovertcp > 192.168.5.129.39884: Flags [R.], seq 0, ack 3600793102, win 0, length 0
17:13:47.456386 IP 192.168.5.129.39884 > 192.168.5.131.49156: Flags [S], seq 3600793101, win 1024, options [mss 1460], length 0
17:13:47.457115 IP 192.168.5.131.49156 > 192.168.5.129.39884: Flags [R.], seq 0, ack 3600793102, win 0, length 0
17:13:47.468008 IP 192.168.5.129.39884 > 192.168.5.131.cisco-sccp: Flags [S], seq 3600793101, win 1024, options [mss 1460], length 0
17:13:47.468724 IP 192.168.5.131.cisco-sccp > 192.168.5.129.39884: Flags [R.], seq 0, ack 3600793102, win 0, length 0
17:13:47.479773 IP 192.168.5.129.39883 > 192.168.5.131.radmin-port: Flags [S], seq 3600727564, win 1024, options [mss 1460], length 0
17:13:47.482188 IP 192.168.5.131.radmin-port > 192.168.5.129.39883: Flag