16:43:16.637145 ARP, Request who-has 192.168.139.2 tell 192.168.139.1, length 46
16:43:17.365340 ARP, Request who-has 192.168.139.2 tell 192.168.139.1, length 46
16:43:18.366955 ARP, Request who-has 192.168.139.2 tell 192.168.139.1, length 46
16:43:19.641789 ARP, Request who-has 192.168.139.2 tell 192.168.139.1, length 46
16:43:20.365227 ARP, Request who-has 192.168.139.2 tell 192.168.139.1, length 46
16:43:21.366773 ARP, Request who-has 192.168.139.2 tell 192.168.139.1, length 46
16:43:26.254940 ARP, Request who-has 192.168.139.2 tell 192.168.139.1, length 46
16:43:26.257066 IP6 fe80::a4bc:138f:d34c:47a1.55265 > ff02::1:3.hostmon: UDP, length 27
16:43:26.257805 IP 192.168.139.1.55265 > 224.0.0.252.hostmon: UDP, length 27
16:43:26.259043 IP6 fe80::a4bc:138f:d34c:47a1.64088 > ff02::1:3.hostmon: UDP, length 27
16:43:26.259457 IP 192.168.139.1.64088 > 224.0.0.252.hostmon: UDP, length 27
16:43:26.665945 IP6 fe80::a4bc:138f:d34c:47a1.55265 > ff02::1:3.hostmon: UDP, length 27
16:43:26.666352 IP 192.168.139.1.55265 > 224.0.0.252.hostmon: UDP, length 27
16:43:26.669969 IP6 fe80::a4bc:138f:d34c:47a1.64088 > ff02::1:3.hostmon: UDP, length 27
16:43:26.670239 IP 192.168.139.1.64088 > 224.0.0.252.hostmon: UDP, length 27
16:43:26.864536 ARP, Request who-has 192.168.139.2 tell 192.168.139.1, length 46
16:43:27.865286 ARP, Request who-has 192.168.139.2 tell 192.168.139.1, length 46
16:43:29.254040 ARP, Request who-has 192.168.139.2 tell 192.168.139.1, length 46
16:43:29.865847 ARP, Request who-has 192.168.139.2 tell 192.168.139.1, length 46
16:43:30.778636 IP 192.168.139.1.netbios-ns > 192.168.139.255.netbios-ns: NBT UDP PACKET(137): QUERY; REQUEST; BROADCAST
16:43:30.866632 ARP, Request who-has 192.168.139.2 tell 192.168.139.1, length 46
16:43:31.531334 IP 192.168.139.1.netbios-ns > 192.168.139.255.netbios-ns: NBT UDP PACKET(137): QUERY; REQUEST; BROADCAST
16:43:32.281532 IP 192.168.139.1.netbios-ns > 192.168.139.255.netbios-ns: NBT UDP PACKET(137): QUERY; REQUEST; BROADCAST
16:43:49.043560 ARP, Request who-has 192.168.139.143 (Broadcast) tell 192.168.139.142, length 46
16:43:49.044179 ARP, Reply 192.168.139.143 is-at 00:0c:29:25:bc:f9 (oui Unknown), length 46
16:43:49.244633 IP 192.168.139.142.49067 > 192.168.139.2.domain: 65225+ PTR? 143.139.168.192.in-addr.arpa. (46)
16:43:49.252896 IP 192.168.139.2.domain > 192.168.139.142.49067: 65225 NXDomain 0/1/0 (114)
16:43:49.254844 IP 192.168.139.142.47945 > 192.168.139.143.sunrpc: Flags [S], seq 2706044289, win 1024, options [mss 1460], length 0
16:43:49.254984 IP 192.168.139.142.47945 > 192.168.139.143.pop3s: Flags [S], seq 2706044289, win 1024, options [mss 1460], length 0
16:43:49.255140 IP 192.168.139.142.47945 > 192.168.139.143.ftp: Flags [S], seq 2706044289, win 1024, options [mss 1460], length 0
16:43:49.255313 IP 192.168.139.142.47945 > 192.168.139.143.mysql: Flags [S], seq 2706044289, win 1024, options [mss 1460], length 0
16:43:49.256074 IP 192.168.139.142.47945 > 192.168.139.143.pop3: Flags [S], seq 2706044289, win 1024, options [mss 1460], length 0
16:43:49.256169 IP 192.168.139.142.47945 > 192.168.139.143.smux: Flags [S], seq 2706044289, win 1024, options [mss 1460], length 0
16:43:49.256252 IP 192.168.139.142.47945 > 192.168.139.143.telnet: Flags [S], seq 2706044289, win 1024, options [mss 1460], length 0
16:43:49.256332 IP 192.168.139.142.47945 > 192.168.139.143.1720: Flags [S], seq 2706044289, win 1024, options [mss 1460], length 0
16:43:49.256410 IP 192.168.139.142.47945 > 192.168.139.143.ssh: Flags [S], seq 2706044289, win 1024, options [mss 1460], length 0
16:43:49.256488 IP 192.168.139.142.47945 > 192.168.139.143.https: Flags [S], seq 2706044289, win 1024, options [mss 1460], length 0
16:43:49.256613 IP 192.168.139.143.sunrpc > 192.168.139.142.47945: Flags [S.], seq 2634059686, ack 2706044290, win 5840, options [mss 1460], length 0
16:43:49.256826 IP 192.168.139.143.pop3 > 192.168.139.142.47945: Flags [R.], seq 0, ack 2706044290, win 0, length 0
16:43:49.257543 IP 192.168.139.143.smux > 192.168.139.142.47945: Flags [R.], seq 0, ack 2706044290, win 0, length 0
16:43:49.257810 IP 192.168.139.143.telnet > 192.168.139.142.47945: Flags [S.], seq 2642758618, ack 2706044290, win 5840, options [mss 1460], length 0
16:43:49.258000 IP 192.168.139.143.1720 > 192.168.139.142.47945: Flags [R.], seq 0, ack 2706044290, win 0, length 0
16:43:49.258144 IP 192.168.139.143.ssh > 192.168.139.142.47945: Flags [S.], seq 2629458712, ack 2706044290, win 5840, options [mss 1460], length 0
16:43:49.258283 IP 192.168.139.143.https > 192.168.139.142.47945: Flags [R.], seq 0, ack 2706044290, win 0, length 0
16:43:49.258376 IP 192.168.139.143.pop3s > 192.168.139.142.47945: Flags [R.], seq 0, ack 2706044290, win 0, length 0
16:43:49.258521 IP 192.168.139.143.ftp > 192.168.139.142.47945: Flags [S.], seq 2642550116, ack 2706044290, win 5840, options [mss 1460], length 0
16:43:49.258590 IP 192.168.139.143.mysql > 192.168.139.142.47945: Flags [S.], seq 2633878096, ack 2706044290, win 5840, options [mss 1460], length 0
16:43:49.258689 IP 192.168.139.142.47945 > 192.168.139.143.sunrpc: Flags [R], seq 2706044290, win 0, length 0
16:43:49.258884 IP 192.168.139.142.47945 > 192.168.139.143.telnet: Flags [R], seq 2706044290, win 0, length 0
16:43:49.259030 IP 192.168.139.142.47945 > 192.168.139.143.ssh: Flags [R], seq 2706044290, win 0, length 0
16:43:49.259116 IP 192.168.139.142.47945 > 192.168.139.143.ftp: Flags [R], seq 2706044290, win 0, length 0
16:43:49.259198 IP 192.168.139.142.47945 > 192.168.139.143.mysql: Flags [R], seq 2706044290, win 0, length 0
16:43:50.357524 IP 192.168.139.142.47945 > 192.168.139.143.5900: Flags [S], seq 2706044289, win 1024, options [mss 1460], length 0
16:43:50.357758 IP 192.168.139.142.47945 > 192.168.139.143.http-alt: Flags [S], seq 2706044289, win 1024, options [mss 1460], length 0
16:43:50.357910 IP 192.168.139.142.47945 > 192.168.139.143.microsoft-ds: Flags [S], seq 2706044289, win 1024, options [mss 1460], length 0
16:43:50.358054 IP 192.168.139.142.47945 > 192.168.139.143.http: Flags [S], seq 2706044289, win 1024, options [mss 1460], length 0
16:43:50.358213 IP 192.168.139.142.47945 > 192.168.139.143.rtsp: Flags [S], seq 2706044289, win 1024, options [mss 1460], length 0
16:43:50.358366 IP 192.168.139.142.47945 > 192.168.139.143.domain: Flags [S], seq 2706044289, win 1024, options [mss 1460], length 0
16:43:50.358516 IP 192.168.139.142.47945 > 192.168.139.143.1723: Flags [S], seq 2706044289, win 1024, options [mss 1460], length 0
16:43:50.358671 IP 192.168.139.142.47945 > 192.168.139.143.1025: Flags [S], seq 2706044289, win 1024, options [mss 1460], length 0
16:43:50.358823 IP 192.168.139.142.47945 > 192.168.139.143.8888: Flags [S], seq 2706044289, win 1024, options [mss 1460], length 0
16:43:50.358974 IP 192.168.139.142.47945 > 192.168.139.143.netbios-ssn: Flags [S], seq 2706044289, win 1024, options [mss 1460], length 0
16:43:50.359126 IP 192.168.139.142.47945 > 192.168.139.143.submission: Flags [S], seq 2706044289, win 1024, options [mss 1460], length 0
16:43:50.359280 IP 192.168.139.142.47945 > 192.168.139.143.loc-srv: Flags [S], seq 2706044289, win 1024, options [mss 1460], length 0
16:43:50.359436 IP 192.168.139.142.47945 > 192.168.139.143.auth: Flags [S], seq 2706044289, win 1024, options [mss 1460], length 0
16:43:50.359587 IP 192.168.139.142.47945 > 192.168.139.143.smtp: Flags [S], seq 2706044289, win 1024, options [mss 1460], length 0
16:43:50.359738 IP 192.168.139.142.47945 > 192.168.139.143.imap2: Flags [S], seq 2706044289, win 1024, options [mss 1460], length 0
16:43:50.359897 IP 192.168.139.142.47945 > 192.168.139.143.3389: Flags [S], seq 2706044289, win 1024, options [mss 1460], length 0
16:43:50.360068 IP 192.168.139.142.47945 > 192.168.139.143.imaps: Flags [S], seq 2706044289, win 1024, options [mss 1460], length 0
16:43:50.360216 IP 192.168.139.142.47945 > 192.168.139.143.daytime: Flags [S], seq 2706044289, win 1024, options [mss 1460], length 0
16:43:50.360365 IP 192.168.139.142.47945 > 192.168.139.143.1755: Flags [S], seq 2706044289, win 1024, options [mss 1460], length 0
16:43:50.360516 IP 192.168.139.142.47945 > 192.168.139.143.iprop: Flags [S], seq 2706044289, win 1024, options [mss 1460], length 0
16:43:50.360666 IP 192.168.139.142.47945 > 192.168.139.143.3128: Flags [S], seq 2706044289, win 1024, options [mss 1460], length 0
16:43:50.360882 IP 192.168.139.142.47945 > 192.168.139.143.1028: Flags [S], seq 2706044289, win 1024, options [mss 1460], length 0
16:43:50.361043 IP 192.168.139.142.47945 > 192.168.139.143.nfs: Flags [S], seq 2706044289, win 1024, options [mss 1460], length 0
16:43:50.361199 IP 192.168.139.142.47945 > 192.168.139.143.printer: Flags [S], seq 2706044289, win 1024, options [mss 1460], length 0
16:43:50.361352 IP 192.168.139.142.47945 > 192.168.139.143.49155: Flags [S], seq 2706044289, win 1024, options [mss 1460], length 0
16:43:50.361508 IP 192.168.139.142.47945 > 192.168.139.143.kshell: Flags [S], seq 2706044289, win 1024, options [mss 1460], length 0
16:43:50.361664 IP 192.168.139.142.47945 > 192.168.139.143.8000: Flags [S], seq 2706044289, win 1024, options [mss 1460], length 0
16:43:50.361963 IP 192.168.139.143.5900 > 192.168.139.142.47945: Flags [S.], seq 2656658725, ack 2706044290, win 5840, options [mss 1460], length 0
16:43:50.362124 IP 192.168.139.143.http-alt > 192.168.139.142.47945: Flags [R.], seq 0, ack 2706044290, win 0, length 0
16:43:50.362211 IP 192.168.139.143.microsoft-ds > 192.168.139.142.47945: Flags [S.], seq 2647474418, ack 2706044290, win 5840, options [mss 1460], length 0
16:43:50.362299 IP 192.168.139.143.http > 192.168.139.142.47945: Flags [S.], seq 2647260550, ack 2706044290, win 5840, options [mss 1460], length 0
16:43:50.362382 IP 192.168.139.143.rtsp > 192.168.139.142.47945: Flags [R.], seq 0, ack 2706044290, win 0, length 0
16:43:50.362471 IP 192.168.139.143.domain > 192.168.139.142.47945: Flags [S.], seq 2661035894, ack 2706044290, win 5840, options [mss 1460], length 0
16:43:50.362559 IP 192.168.139.143.1723 > 192.168.139.142.47945: Flags [R.], seq 0, ack 2706044290, win 0, length 0
16:43:50.362644 IP 192.168.139.143.1025 > 192.168.139.142.47945: Flags [R.], seq 0, ack 2706044290, win 0, length 0
16:43:50.362731 IP 192.168.139.143.8888 > 192.168.139.142.47945: Flags [R.], seq 0, ack 2706044290, win 0, length 0
16:43:50.362815 IP 192.168.139.143.netbios-ssn > 192.168.139.142.47945: Flags [S.], seq 2645279471, ack 2706044290, win 5840, options [mss 1460], length 0
16:43:50.362904 IP 192.168.139.143.submission > 192.168.139.142.47945: Flags [R.], seq 0, ack 2706044290, win 0, length 0
16:43:50.362990 IP 192.168.139.143.loc-srv > 192.168.139.142.47945: Flags [R.], seq 0, ack 2706044290, win 0, length 0
16:43:50.363080 IP 192.168.139.143.auth > 192.168.139.142.47945: Flags [R.], seq 0, ack 2706044290, win 0, length 0
16:43:50.363162 IP 192.168.139.143.smtp > 192.168.139.142.47945: Flags [S.], seq 2655793580, ack 2706044290, win 5840, options [mss 1460], length 0
16:43:50.363243 IP 192.168.139.143.imap2 > 192.168.139.142.47945: Flags [R.], seq 0, ack 2706044290, win 0, length 0
16:43:50.363324 IP 192.168.139.143.3389 > 192.168.139.142.47945: Flags [R.], seq 0, ack 2706044290, win 0, length 0
16:43:50.363414 IP 192.168.139.143.imaps > 192.168.139.142.47945: Flags [R.], seq 0, ack 2706044290, win 0, length 0
16:43:50.363499 IP 192.168.139.143.daytime > 192.168.139.142.47945: Flags [R.], seq 0, ack 2706044290, win 0, length 0
16:43:50.363641 IP 192.168.139.143.1755 > 192.168.139.142.47945: Flags [R.], seq 0, ack 2706044290, win 0, length 0
16:43:50.363729 IP 192.168.139.143.iprop > 192.168.139.142.47945: Flags [S.], seq 2658560092, ack 2706044290, win 5840, options [mss 1460], length 0
16:43:50.363812 IP 192.168.139.143.3128 > 192.168.139.142.47945: Flags [R.], seq 0, ack 2706044290, win 0, length 0
16:43:50.363893 IP 192.168.139.143.1028 > 192.168.139.142.47945: Flags [R.], seq 0, ack 2706044290, win 0, length 0
16:43:50.363972 IP 192.168.139.143.nfs > 192.168.139.142.47945: Flags [S.], seq 2657571634, ack 2706044290, win 5840, options [mss 1460], length 0
16:43:50.364055 IP 192.168.139.143.printer > 192.168.139.142.47945: Flags [R.], seq 0, ack 2706044290, win 0, length 0
16:43:50.364143 IP 192.168.139.143.49155 > 192.168.139.142.47945: Flags [R.], seq 0, ack 2706044290, win 0, length 0
16:43:50.364228 IP 192.168.139.143.kshell > 192.168.139.142.47945: Flags [R.], seq 0, ack 2706044290, win 0, length 0
16:43:50.364317 IP 192.168.139.143.8000 > 192.168.139.142.47945: Flags [R.], seq 0, ack 2706044290, win 0, length 0
16:43:50.364465 IP 192.168.139.142.47945 > 192.168.139.143.kerberos: Flags [S], seq 2706044289, win 1024, options [mss 1460], length 0
16:43:50.364562 IP 192.168.139.142.47945 > 192.168.139.143.49152: Flags [S], seq 2706044289, win 1024, options [mss 1460], length 0
16:43:50.364822 IP 192.168.139.142.47945 > 192.168.139.143.5900: Flags [R], seq 2706044290, win 0, length 0
16:43:50.364966 IP 192.168.139.142.47945 > 192.168.139.143.microsoft-ds: Flags [R], seq 2706044290, win 0, length 0
16:43:50.365121 IP 192.168.139.142.47945 > 192.168.139.143.http: Flags [R], seq 2706044290, win 0, length 0
16:43:50.365268 IP 192.168.139.142.47945 > 192.168.139.143.domain: Flags [R], seq 2706044290, win 0, length 0
16:43:50.365422 IP 192.168.139.142.47945 > 192.168.139.143.netbios-ssn: Flags [R], seq 2706044290, win 0, length 0
16:43:50.365570 IP 192.168.139.142.47945 > 192.168.139.143.smtp: Flags [R], seq 2706044290, win 0, length 0
16:43:50.365667 IP 192.168.139.142.47945 > 192.168.139.143.iprop: Flags [R], seq 2706044290, win 0, length 0
16:43:50.365805 IP 192.168.139.142.47945 > 192.168.139.143.nfs: Flags [R], seq 2706044290, win 0, length 0
16:43:50.365957 IP 192.168.139.142.47945 > 192.168.139.143.discard: Flags [S], seq 2706044289, win 1024, options [mss 1460], length 0
16:43:50.366111 IP 192.168.139.142.47945 > 192.168.139.143.poppassd: Flags [S], seq 2706044289, win 1024, options [mss 1460], length 0
16:43:50.366267 IP 192.168.139.142.47945 > 192.168.139.143.shell: Flags [S], seq 2706044289, win 1024, options [mss 1460], length 0
16:43:50.366421 IP 192.168.139.142.47945 > 192.168.139.143.8009: Flags [S], seq 2706044289, win 1024, options [mss 1460], length 0
16:43:50.366572 IP 192.168.139.142.47945 > 192.168.139.143.5631: Flags [S], seq 2706044289, win 1024, options [mss 1460], length 0
16:43:50.366725 IP 192.168.139.142.47945 > 192.168.139.143.9100: Flags [S], seq 2706044289, win 1024, options [mss 1460], length 0
16:43:50.366891 IP 192.168.139.142.47945 > 192.168.139.143.x11: Flags [S], seq 2706044289, win 1024, options [mss 1460], length 0
16:43:50.367039 IP 192.168.139.142.47945 > 192.168.139.143.49156: Flags [S], seq 2706044289, win 1024, options [mss 1460], length 0
16:43:50.367188 IP 192.168.139.142.47945 > 192.168.139.143.1027: Flags [S], seq 2706044289, win 1024, options [mss 1460], length 0
16:43:50.367339 IP 192.168.139.142.47945 > 192.168.139.143.x11-1: Flags [S], seq 2706044289, win 1024, options [mss 1460], length 0
16:43:50.367492 IP 192.168.139.142.47945 > 192.168.139.143.646: Flags [S], seq 2706044289, win 1024, options [mss 1460], length 0
16:43:50.367646 IP 192.168.139.142.47945 > 192.168.139.143.26: Flags [S], seq 2706044289, win 1024, options [mss 1460], length 0
16:43:50.367800 IP 192.168.139.142.47945 > 192.168.139.143.2001: Flags [S], seq 2706044289, win 1024, options [mss 1460], length 0
16:43:50.367950 IP 192.168.139.142.47945 > 192.168.139.143.sip: Flags [S], seq 2706044289, win 1024, options [mss 1460], length 0
16:43:50.368049 IP 192.168.139.142.47945 > 192.168.139.143.49157: Flags [S], seq 2706044289, win 1024, options [mss 1460], length 0
16:43:50.368128 IP 192.168.139.142.47945 > 192.168.139.143.1029: Flags [S], seq 2706044289, win 1024, options [mss 1460], length 0
16:43:50.368192 IP 192.168.139.142.47945 > 192.168.139.143.3986: Flags [S], seq 2706044289, win 1024, options [mss 1460], length 0
16:43:50.368247 IP 192.168.139.142.47945 > 192.168.139.143.8008: Flags [S], seq 2706044289, win 1024, options [mss 1460], length 0
16:43:50.368302 IP 192.168.139.142.47945 > 192.168.139.143.ftps: Flags [S], seq 2706044289, win 1024, options [mss 1460], length 0
16:43:50.368356 IP 192.168.139.142.47945 > 192.168.139.143.finger: Flags [S], seq 2706044289, win 1024, options [mss 1460], length 0
16:43:50.368450 IP 192.168.139.142.47945 > 192.168.139.143.cisco-sccp: Flags [S], seq 2706044289, win 1024, options [mss 1460], length 0
16:43:50.368625 IP 192.168.139.143.kerberos > 192.168.139.142.47945: Flags [R.], seq 0, ack 2706044290, win 0, length 0
16:43:50.368770 IP 192.168.139.143.49152 > 192.168.139.142.47945: Flags [R.], seq 0, ack 2706044290, win 0, length 0
16:43:50.368921 IP 192.168.139.143.discard > 192.168.139.142.47945: Flags [R.], seq 0, ack 2706044290, win 0, length 0
16:43:50.369065 IP 192.168.139.143.poppassd > 192.168.139.142.47945: Flags [R.], seq 0, ack 2706044290, win 0, length 0
16:43:50.369207 IP 192.168.139.143.shell > 192.168.139.142.47945: Flags [S.], seq 2653959102, ack 2706044290, win 5840, options [mss 1460], length 0
16:43:50.369296 IP 192.168.139.143.8009 > 192.168.139.142.47945: Flags [S.], seq 2650031719, ack 2706044290, win 5840, options [mss 1460], length 0
16:43:50.369377 IP 192.168.139.143.5631 > 192.168.139.142.47945: Flags [R.], seq 0, ack 2706044290, win 0, length 0
16:43:50.369458 IP 192.168.139.143.9100 > 192.168.139.142.47945: Flags [R.], seq 0, ack 2706044290, win 0, length 0
16:43:50.369538 IP 192.168.139.143.x11 > 192.168.139.142.47945: Flags [S.], seq 2653614469, ack 2706044290, win 5840, options [mss 1460], length 0
16:43:50.369616 IP 192.168.139.143.49156 > 192.168.139.142.47945: Flags [R.], seq 0, ack 2706044290, win 0, length 0
16:43:50.369699 IP 192.168.139.143.1027 > 192.168.139.142.47945: Flags [R.], seq 0, ack 2706044290, win 0, length 0
16:43:50.369844 IP 192.168.139.143.x11-1 > 192.168.139.142.47945: Flags [R.], seq 0, ack 2706044290, win 0, length 0
16:43:50.369935 IP 192.168.139.143.646 > 192.168.139.142.47945: Flags [R.], seq 0, ack 2706044290, win 0, length 0
16:43:50.370020 IP 192.168.139.143.26 > 192.168.139.142.47945: Flags [R.], seq 0, ack 2706044290, win 0, length 0
16:43:50.370112 IP 192.168.139.143.2001 > 192.168.139.142.47945: Flags [R.], seq 0, ack 2706044290, win 0, length 0
16:43:50.370204 IP 192.168.139.143.sip > 192.168.139.142.47945: Flags [R.], seq 0, ack 2706044290, win 0, length 0
16:43:50.370294 IP 192.168.139.143.49157 > 192.168.139.142.47945: Flags [R.], seq 0, ack 2706044290, win 0, length 0
16:43:50.370375 IP 192.168.139.143.1029 > 192.168.139.142.47945: Flags [R.], seq 0, ack 2706044290, win 0, length 0
16:43:50.370455 IP 192.168.139.143.3986 > 192.168.139.142.47945: Flags [R.], seq 0, ack 2706044290, win 0, length 0
16:43:50.370541 IP 192.168.139.143.8008 > 192.168.139.142.47945: Flags [R.], seq 0, ack 2706044290, win 0, length 0
16:43:50.370617 IP 192.168.139.143.ftps > 192.168.139.142.47945: Flags [R.], seq 0, ack 2706044290, win 0, length 0
16:43:50.370695 IP 192.168.139.143.finger > 192.168.139.142.47945: Flags [R.], seq 0, ack 2706044290, win 0, length 0
16:43:50.370775 IP 192.168.139.143.cisco-sccp > 192.168.139.142.47945: Flags [R.], seq 0, ack 2706044290, win 0, length 0
16:43:50.370915 IP 192.168.139.142.47945 > 192.168.139.143.shell: Flags [R], seq 2706044290, win 0, length 0
16:43:50.371007 IP 192.168.139.142.47945 > 192.168.139.143.8009: Flags [R], seq 2706044290, win 0, length 0
16:43:50.371096 IP 192.168.139.142.47945 > 192.168.139.143.x11: Flags [R], seq 2706044290, win 0, length 0
16:43:50.371451 IP 192.168.139.142.47945 > 192.168.139.143.webmin: Flags [S], seq 2706044289, win 1024, options [mss 1460], length 0
16:43:50.371707 IP 192.168.139.142.47945 > 192.168.139.143.32768: Flags [S], seq 2706044289, win 1024, options [mss 1460], length 0
16:43:50.371895 IP 192.168.139.142.47945 > 192.168.139.143.5009: Flags [S], seq 2706044289, win 1024, options [mss 1460], length 0
16:43:50.372050 IP 192.168.139.142.47945 > 192.168.139.143.6646: Flags [S], seq 2706044289, win 1024, options [mss 1460], length 0
16:43:50.372201 IP 192.168.139.142.47945 > 192.168.139.143.3000: Flags [S], seq 2706044289, win 1024, options [mss 1460], length 0
16:43:50.372353 IP 192.168.139.142.47945 > 192.168.139.143.bgp: Flags [S], seq 2706044289, win 1024, options [mss 1460], length 0
16:43:50.372535 IP 192.168.139.142.47945 > 192.168.139.143.5101: Flags [S], seq 2706044289, win 1024, options [mss 1460], length 0
16:43:50.372687 IP 192.168.139.142.47945 > 192.168.139.143.81: Flags [S], seq 2706044289, win 1024, options [mss 1460], length 0
16:43:50.372834 IP 192.168.139.142.47945 > 192.168.139.143.5800: Flags [S], seq 2706044289, win 1024, options [mss 1460], length 0
16:43:50.373022 IP 192.168.139.142.47945 > 192.168.139.143.postgresql: Flags [S], seq 2706044289, win 1024, options [mss 1460], length 0
16:43:50.373176 IP 192.168.139.142.47945 > 192.168.139.143.login: Flags [S], seq 2706044289, win 1024, options [mss 1460], length 0
16:43:50.373320 IP 192.168.139.142.47945 > 192.168.139.143.7070: Flags [S], seq 2706044289, win 1024, options [mss 1460], length 0
16:43:50.373516 IP 192.168.139.142.47945 > 192.168.139.143.tproxy: Flags [S], seq 2706044289, win 1024, options [mss 1460], length 0
16:43:50.373724 IP 192.168.139.142.47945 > 192.168.139.143.time: Flags [S], seq 2706044289, win 1024, options [mss 1460], length 0
16:43:50.373882 IP 192.168.139.142.47945 > 192.168.139.143.ms-sql-s: Flags [S], seq 2706044289, win 1024, options [mss 1460], length 0
16:43:50.374043 IP 192.168.139.142.47945 > 192.168.139.143.49153: Flags [S], seq 2706044289, win 1024, options [mss 1460], length 0
16:43:50.374209 IP 192.168.139.142.47945 > 192.168.139.143.144: Flags [S], seq 2706044289, win 1024, options [mss 1460], length 0
16:43:50.374362 IP 192.168.139.142.47945 > 192.168.139.143.aol: Flags [S], seq 2706044289, win 1024, options [mss 1460], length 0
16:43:50.374525 IP 192.168.139.142.47945 > 192.168.139.143.afpovertcp: Flags [S], seq 2706044289, win 1024, options [mss 1460], length 0
16:43:50.374634 IP 192.168.139.142.47945 > 192.168.139.143.9999: Flags [S], seq 2706044289, win 1024, options [mss 1460], length 0
16:43:50.374776 IP 192.168.139.142.47945 > 192.168.139.143.8443: Flags [S], seq 2706044289, win 1024, options [mss 1460], length 0
16:43:50.374931 IP 192.168.139.142.47945 > 192.168.139.143.1026: Flags [S], seq 2706044289, win 1024, options [mss 1460], length 0
16:43:50.375091 IP 192.168.139.142.47945 > 192.168.139.143.klogin: Flags [S], seq 2706044289, win 1024, options [mss 1460], length 0
16:43:50.375241 IP 192.168.139.142.47945 > 192.168.139.143.ldap: Flags [S], seq 2706044289, win 1024, options [mss 1460], length 0
16:43:50.375389 IP 192.168.139.142.47945 > 192.168.139.143.nrpe: Flags [S], seq 2706044289, win 1024, options [mss 1460], length 0
16:43:50.375545 IP 192.168.139.142.47945 > 192.168.139.143.enbd-cstatd: Flags [S], seq 2706044289, win 1024, options [mss 1460], length 0
16:43:50.375701 IP 192.168.139.142.47945 > 192.168.139.143.5357: Flags [S], seq 2706044289, win 1024, options [mss 1460], length 0
16:43:50.375861 IP 192.168.139.142.47945 > 192.168.139.143.svrloc: Flags [S], seq 2706044289, win 1024, options [mss 1460], length 0
16:43:50.376040 IP 192.168.139.142.47945 > 192.168.139.143.nntp: Flags [S], seq 2706044289, win 1024, options [mss 1460], length 0
16:43:50.376195 IP 192.168.139.142.47945 > 192.168.139.143.echo: Flags [S], seq 2706044289, win 1024, options [mss 1460], length 0
16:43:50.376352 IP 192.168.139.142.47945 > 192.168.139.143.49154: Flags [S], seq 2706044289, win 1024, options [mss 1460], length 0
16:43:50.376513 IP 192.168.139.142.47945 > 192.168.139.143.2717: Flags [S], seq 2706044289, win 1024, options [mss 1460], length 0
16:43:50.376676 IP 192.168.139.142.47945 > 192.168.139.143.rsync: Flags [S], seq 2706044289, win 1024, options [mss 1460], length 0
16:43:50.376837 IP 192.168.139.142.47945 > 192.168.139.143.ipp: Flags [S], seq 2706044289, win 1024, options [mss 1460], length 0
16:43:50.377035 IP 192.168.139.142.47945 > 192.168.139.143.5000: Flags [S], seq 2706044289, win 1024, options [mss 1460], length 0
16:43:50.377188 IP 192.168.139.142.47945 > 192.168.139.143.1900: Flags [S], seq 2706044289, win 1024, options [mss 1460], length 0
16:43:50.377340 IP 192.168.139.142.47945 > 192.168.139.143.urd: Flags [S], seq 2706044289, win 1024, options [mss 1460], length 0
16:43:50.377536 IP 192.168.139.142.47945 > 192.168.139.143.snpp: Flags [S], seq 2706044289, win 1024, options [mss 1460], length 0
16:43:50.377633 IP 192.168.139.143.webmin > 192.168.139.142.47945: Flags [R.], seq 0, ack 2706044290, win 0, length 0
16:43:50.377725 IP 192.168.139.143.32768 > 192.168.139.142.47945: Flags [R.], seq 0, ack 2706044290, win 0, length 0
16:43:50.377893 IP 192.168.139.143.5009 > 192.168.139.142.47945: Flags [R.], seq 0, ack 2706044290, win 0, length 0
16:43:50.378021 IP 192.168.139.143.6646 > 192.168.139.142.47945: Flags [R.], seq 0, ack 2706044290, win 0, length 0
16:43:50.378110 IP 192.168.139.143.3000 > 192.168.139.142.47945: Flags [R.], seq 0, ack 2706044290, win 0, length 0
16:43:50.378197 IP 192.168.139.143.bgp > 192.168.139.142.47945: Flags [R.], seq 0, ack 2706044290, win 0, length 0
16:43:50.378280 IP 192.168.139.143.5101 > 192.168.139.142.47945: Flags [R.], seq 0, ack 2706044290, win 0, length 0
16:43:50.378365 IP 192.168.139.143.81 > 192.168.139.142.47945: Flags [R.], seq 0, ack 2706044290, win 0, length 0
16:43:50.378450 IP 192.168.139.143.5800 > 192.168.139.142.47945: Flags [R.], seq 0, ack 2706044290, win 0, length 0
16:43:50.378542 IP 192.168.139.143.postgresql > 192.168.139.142.47945: Flags [S.], seq 2653306731, ack 2706044290, win 5840, options [mss 1460], length 0
16:43:50.378623 IP 192.168.139.143.login > 192.168.139.142.47945: Flags [S.], seq 2648960018, ack 2706044290, win 5840, options [mss 1460], length 0
16:43:50.378708 IP 192.168.139.143.7070 > 192.168.139.142.47945: Flags [R.], seq 0, ack 2706044290, win 0, length 0
16:43:50.378791 IP 192.168.139.143.tproxy > 192.168.139.142.47945: Flags [R.], seq 0, ack 2706044290, win 0, length 0
16:43:50.378877 IP 192.168.139.143.time > 192.168.139.142.47945: Flags [R.], seq 0, ack 2706044290, win 0, length 0
16:43:50.379022 IP 192.168.139.143.ms-sql-s > 192.168.139.142.47945: Flags [R.], seq 0, ack 2706044290, win 0, length 0
16:43:50.379104 IP 192.168.139.143.49153 > 192.168.139.142.47945: Flags [R.], seq 0, ack 2706044290, win 0, length 0
16:43:50.379201 IP 192.168.139.143.144 > 192.168.139.142.47945: Flags [R.], seq 0, ack 2706044290, win 0, length 0
16:43:50.379282 IP 192.168.139.143.aol > 192.168.139.142.47945: Flags [R.], seq 0, ack 2706044290, win 0, length 0
16:43:50.379367 IP 192.168.139.143.afpovertcp > 192.168.139.142.47945: Flags [R.], seq 0, ack 2706044290, win 0, length 0
16:43:50.379450 IP 192.168.139.143.9999 > 192.168.139.142.47945: Flags [R.], seq 0, ack 2706044290, win 0, length 0
16:43:50.379567 IP 192.168.139.143.8443 > 192.168.139.142.47945: Flags [R.], seq 0, ack 2706044290, win 0, length 0
16:43:50.379647 IP 192.168.139.143.1026 > 192.168.139.142.47945: Flags [R.], seq 0, ack 2706044290, win 0, length 0
16:43:50.379733 IP 192.168.139.143.klogin > 192.168.139.142.47945: Flags [R.], seq 0, ack 2706044290, win 0, length 0
16:43:50.379816 IP 192.168.139.143.ldap > 192.168.139.142.47945: Flags [R.], seq 0, ack 2706044290, win 0, length 0
16:43:50.379898 IP 192.168.139.143.nrpe > 192.168.139.142.47945: Flags [R.], seq 0, ack 2706044290, win 0, length 0
16:43:50.380021 IP 192.168.139.143.enbd-cstatd > 192.168.139.142.47945: Flags [R.], seq 0, ack 2706044290, win 0, length 0
16:43:50.380112 IP 192.168.139.143.5357 > 192.168.139.142.47945: Flags [R.], seq 0, ack 2706044290, win 0, length 0
16:43:50.380193 IP 192.168.139.143.svrloc > 192.168.139.142.47945: Flags [R.], seq 0, ack 2706044290, win 0, length 0
16:43:50.380277 IP 192.168.139.143.nntp > 192.168.139.142.47945: Flags [R.], seq 0, ack 2706044290, win 0, length 0
16:43:50.380362 IP 192.168.139.143.echo > 192.168.139.142.47945: Flags [R.], seq 0, ack 2706044290, win 0, length 0
16:43:50.380448 IP 192.168.139.143.49154 > 192.168.139.142.47945: Flags [R.], seq 0, ack 2706044290, win 0, length 0
16:43:50.380538 IP 192.168.139.143.2717 > 192.168.139.142.47945: Flags [R.], seq 0, ack 2706044290, win 0, length 0
16:43:50.380637 IP 192.168.139.143.rsync > 192.168.139.142.47945: Flags [R.], seq 0, ack 2706044290, win 0, length 0
16:43:50.380721 IP 192.168.139.143.ipp > 192.168.139.142.47945: Flags [R.], seq 0, ack 2706044290, win 0, length 0
16:43:50.380806 IP 192.168.139.143.5000 > 192.168.139.142.47945: Flags [R.], seq 0, ack 2706044290, win 0, length 0
16:43:50.380889 IP 192.168.139.143.1900 > 192.168.139.142.47945: Flags [R.], seq 0, ack 2706044290, win 0, length 0
16:43:50.380973 IP 192.168.139.143.urd > 192.168.139.142.47945: Flags [R.], seq 0, ack 2706044290, win 0, length 0
16:43:50.381102 IP 192.168.139.143.snpp > 192.168.139.142.47945: Flags [R.], seq 0, ack 2706044290, win 0, length 0
16:43:50.381250 IP 192.168.139.142.47945 > 192.168.139.143.radmin-port: Flags [S], seq 2706044289, win 1024, options [mss 1460], length 0
16:43:50.381276 IP 192.168.139.142.47945 > 192.168.139.143.1110: Flags [S], seq 2706044289, win 1024, options [mss 1460], length 0
16:43:50.381369 IP 192.168.139.142.47945 > 192.168.139.143.postgresql: Flags [R], seq 2706044290, win 0, length 0
16:43:50.381396 IP 192.168.139.142.47945 > 192.168.139.143.login: Flags [R], seq 2706044290, win 0, length 0
16:43:50.382130 IP 192.168.139.143.radmin-port > 192.168.139.142.47945: Flags [R.], seq 0, ack 2706044290, win 0, length 0
16:43:50.382225 IP 192.168.139.143.1110 > 192.168.139.142.47945: Flags [R.], seq 0, ack 2706044290, win 0, length 0

